[2026-02-11 03:56:02] production.ERROR: cURL error 6: Could not resolve host: telemetry.pterodactyl.io (see https://curl.haxx.se/libcurl/c/libcurl-errors.html) for https://telemetry.pterodactyl.io {"exception":"[object] (Illuminate\\Http\\Client\\ConnectionException(code: 0): cURL error 6: Could not resolve host: telemetry.pterodactyl.io (see https://curl.haxx.se/libcurl/c/libcurl-errors.html) for https://telemetry.pterodactyl.io at /app/vendor/laravel/framework/src/Illuminate/Http/Client/PendingRequest.php:930)
[stacktrace]
#0 /app/vendor/laravel/framework/src/Illuminate/Support/helpers.php(248): Illuminate\\Http\\Client\\PendingRequest->Illuminate\\Http\\Client\\{closure}(1)
#1 /app/vendor/laravel/framework/src/Illuminate/Http/Client/PendingRequest.php(892): retry(0, Object(Closure), 100, Object(Closure))
#2 /app/vendor/laravel/framework/src/Illuminate/Http/Client/PendingRequest.php(798): Illuminate\\Http\\Client\\PendingRequest->send('POST', 'https://telemet...', Array)
#3 /app/vendor/laravel/framework/src/Illuminate/Http/Client/Factory.php(461): Illuminate\\Http\\Client\\PendingRequest->post('https://telemet...', Array)
#4 /app/vendor/laravel/framework/src/Illuminate/Support/Facades/Facade.php(355): Illuminate\\Http\\Client\\Factory->__call('post', Array)
#5 /app/app/Services/Telemetry/TelemetryCollectionService.php(44): Illuminate\\Support\\Facades\\Facade::__callStatic('post', Array)
#6 /app/vendor/laravel/framework/src/Illuminate/Container/BoundMethod.php(36): Pterodactyl\\Services\\Telemetry\\TelemetryCollectionService->__invoke()
#7 /app/vendor/laravel/framework/src/Illuminate/Container/Util.php(41): Illuminate\\Container\\BoundMethod::Illuminate\\Container\\{closure}()
#8 /app/vendor/laravel/framework/src/Illuminate/Container/BoundMethod.php(93): Illuminate\\Container\\Util::unwrapIfClosure(Object(Closure))
#9 /app/vendor/laravel/framework/src/Illuminate/Container/BoundMethod.php(35): Illuminate\\Container\\BoundMethod::callBoundMethod(Object(Illuminate\\Foundation\\Application), Array, Object(Closure))
#10 /app/vendor/laravel/framework/src/Illuminate/Container/Container.php(662): Illuminate\\Container\\BoundMethod::call(Object(Illuminate\\Foundation\\Application), Array, Array, NULL)
#11 /app/vendor/laravel/framework/src/Illuminate/Console/Scheduling/CallbackEvent.php(118): Illuminate\\Container\\Container->call(Array, Array)
#12 /app/vendor/laravel/framework/src/Illuminate/Console/Scheduling/Event.php(274): Illuminate\\Console\\Scheduling\\CallbackEvent->execute(Object(Illuminate\\Foundation\\Application))
#13 /app/vendor/laravel/framework/src/Illuminate/Console/Scheduling/Event.php(223): Illuminate\\Console\\Scheduling\\Event->start(Object(Illuminate\\Foundation\\Application))
#14 /app/vendor/laravel/framework/src/Illuminate/Console/Scheduling/CallbackEvent.php(77): Illuminate\\Console\\Scheduling\\Event->run(Object(Illuminate\\Foundation\\Application))
#15 /app/vendor/laravel/framework/src/Illuminate/Console/Scheduling/ScheduleRunCommand.php(192): Illuminate\\Console\\Scheduling\\CallbackEvent->run(Object(Illuminate\\Foundation\\Application))
#16 /app/vendor/laravel/framework/src/Illuminate/Console/View/Components/Task.php(37): Illuminate\\Console\\Scheduling\\ScheduleRunCommand->Illuminate\\Console\\Scheduling\\{closure}()
#17 /app/vendor/laravel/framework/src/Illuminate/Console/View/Components/Factory.php(58): Illuminate\\Console\\View\\Components\\Task->render('<fg=gray>2026-0...', Object(Closure))
#18 /app/vendor/laravel/framework/src/Illuminate/Console/Scheduling/ScheduleRunCommand.php(186): Illuminate\\Console\\View\\Components\\Factory->__call('task', Array)
#19 /app/vendor/laravel/framework/src/Illuminate/Console/Scheduling/ScheduleRunCommand.php(131): Illuminate\\Console\\Scheduling\\ScheduleRunCommand->runEvent(Object(Illuminate\\Console\\Scheduling\\CallbackEvent))
#20 /app/vendor/laravel/framework/src/Illuminate/Container/BoundMethod.php(36): Illuminate\\Console\\Scheduling\\ScheduleRunCommand->handle(Object(Illuminate\\Console\\Scheduling\\Schedule), Object(Illuminate\\Events\\Dispatcher), Object(Illuminate\\Cache\\Repository), Object(Pterodactyl\\Exceptions\\Handler))
#21 /app/vendor/laravel/framework/src/Illuminate/Container/Util.php(41): Illuminate\\Container\\BoundMethod::Illuminate\\Container\\{closure}()
#22 /app/vendor/laravel/framework/src/Illuminate/Container/BoundMethod.php(93): Illuminate\\Container\\Util::unwrapIfClosure(Object(Closure))
#23 /app/vendor/laravel/framework/src/Illuminate/Container/BoundMethod.php(35): Illuminate\\Container\\BoundMethod::callBoundMethod(Object(Illuminate\\Foundation\\Application), Array, Object(Closure))
#24 /app/vendor/laravel/framework/src/Illuminate/Container/Container.php(662): Illuminate\\Container\\BoundMethod::call(Object(Illuminate\\Foundation\\Application), Array, Array, NULL)
#25 /app/vendor/laravel/framework/src/Illuminate/Console/Command.php(211): Illuminate\\Container\\Container->call(Array)
#26 /app/vendor/symfony/console/Command/Command.php(326): Illuminate\\Console\\Command->execute(Object(Symfony\\Component\\Console\\Input\\ArgvInput), Object(Illuminate\\Console\\OutputStyle))
#27 /app/vendor/laravel/framework/src/Illuminate/Console/Command.php(180): Symfony\\Component\\Console\\Command\\Command->run(Object(Symfony\\Component\\Console\\Input\\ArgvInput), Object(Illuminate\\Console\\OutputStyle))
#28 /app/vendor/symfony/console/Application.php(1096): Illuminate\\Console\\Command->run(Object(Symfony\\Component\\Console\\Input\\ArgvInput), Object(Symfony\\Component\\Console\\Output\\ConsoleOutput))
#29 /app/vendor/symfony/console/Application.php(324): Symfony\\Component\\Console\\Application->doRunCommand(Object(Illuminate\\Console\\Scheduling\\ScheduleRunCommand), Object(Symfony\\Component\\Console\\Input\\ArgvInput), Object(Symfony\\Component\\Console\\Output\\ConsoleOutput))
#30 /app/vendor/symfony/console/Application.php(175): Symfony\\Component\\Console\\Application->doRun(Object(Symfony\\Component\\Console\\Input\\ArgvInput), Object(Symfony\\Component\\Console\\Output\\ConsoleOutput))
#31 /app/vendor/laravel/framework/src/Illuminate/Foundation/Console/Kernel.php(201): Symfony\\Component\\Console\\Application->run(Object(Symfony\\Component\\Console\\Input\\ArgvInput), Object(Symfony\\Component\\Console\\Output\\ConsoleOutput))
#32 /app/artisan(35): Illuminate\\Foundation\\Console\\Kernel->handle(Object(Symfony\\Component\\Console\\Input\\ArgvInput), Object(Symfony\\Component\\Console\\Output\\ConsoleOutput))
#33 {main}

[previous exception] [object] (GuzzleHttp\\Exception\\ConnectException(code: 0): cURL error 6: Could not resolve host: telemetry.pterodactyl.io (see https://curl.haxx.se/libcurl/c/libcurl-errors.html) for https://telemetry.pterodactyl.io at /app/vendor/guzzlehttp/guzzle/src/Handler/CurlFactory.php:275)
[stacktrace]
#0 /app/vendor/guzzlehttp/guzzle/src/Handler/CurlFactory.php(205): GuzzleHttp\\Handler\\CurlFactory::createRejection(Object(GuzzleHttp\\Handler\\EasyHandle), Array)
#1 /app/vendor/guzzlehttp/guzzle/src/Handler/CurlFactory.php(157): GuzzleHttp\\Handler\\CurlFactory::finishError(Object(GuzzleHttp\\Handler\\CurlHandler), Object(GuzzleHttp\\Handler\\EasyHandle), Object(GuzzleHttp\\Handler\\CurlFactory))
#2 /app/vendor/guzzlehttp/guzzle/src/Handler/CurlHandler.php(47): GuzzleHttp\\Handler\\CurlFactory::finish(Object(GuzzleHttp\\Handler\\CurlHandler), Object(GuzzleHttp\\Handler\\EasyHandle), Object(GuzzleHttp\\Handler\\CurlFactory))
#3 /app/vendor/guzzlehttp/guzzle/src/Handler/Proxy.php(28): GuzzleHttp\\Handler\\CurlHandler->__invoke(Object(GuzzleHttp\\Psr7\\Request), Array)
#4 /app/vendor/guzzlehttp/guzzle/src/Handler/Proxy.php(48): GuzzleHttp\\Handler\\Proxy::GuzzleHttp\\Handler\\{closure}(Object(GuzzleHttp\\Psr7\\Request), Array)
#5 /app/vendor/laravel/framework/src/Illuminate/Http/Client/PendingRequest.php(1256): GuzzleHttp\\Handler\\Proxy::GuzzleHttp\\Handler\\{closure}(Object(GuzzleHttp\\Psr7\\Request), Array)
#6 /app/vendor/laravel/framework/src/Illuminate/Http/Client/PendingRequest.php(1222): Illuminate\\Http\\Client\\PendingRequest->Illuminate\\Http\\Client\\{closure}(Object(GuzzleHttp\\Psr7\\Request), Array)
#7 /app/vendor/laravel/framework/src/Illuminate/Http/Client/PendingRequest.php(1208): Illuminate\\Http\\Client\\PendingRequest->Illuminate\\Http\\Client\\{closure}(Object(GuzzleHttp\\Psr7\\Request), Array)
#8 /app/vendor/guzzlehttp/guzzle/src/PrepareBodyMiddleware.php(64): Illuminate\\Http\\Client\\PendingRequest->Illuminate\\Http\\Client\\{closure}(Object(GuzzleHttp\\Psr7\\Request), Array)
#9 /app/vendor/guzzlehttp/guzzle/src/Middleware.php(38): GuzzleHttp\\PrepareBodyMiddleware->__invoke(Object(GuzzleHttp\\Psr7\\Request), Array)
#10 /app/vendor/guzzlehttp/guzzle/src/RedirectMiddleware.php(71): GuzzleHttp\\Middleware::GuzzleHttp\\{closure}(Object(GuzzleHttp\\Psr7\\Request), Array)
#11 /app/vendor/guzzlehttp/guzzle/src/Middleware.php(63): GuzzleHttp\\RedirectMiddleware->__invoke(Object(GuzzleHttp\\Psr7\\Request), Array)
#12 /app/vendor/guzzlehttp/guzzle/src/HandlerStack.php(75): GuzzleHttp\\Middleware::GuzzleHttp\\{closure}(Object(GuzzleHttp\\Psr7\\Request), Array)
#13 /app/vendor/guzzlehttp/guzzle/src/Client.php(333): GuzzleHttp\\HandlerStack->__invoke(Object(GuzzleHttp\\Psr7\\Request), Array)
#14 /app/vendor/guzzlehttp/guzzle/src/Client.php(169): GuzzleHttp\\Client->transfer(Object(GuzzleHttp\\Psr7\\Request), Array)
#15 /app/vendor/guzzlehttp/guzzle/src/Client.php(189): GuzzleHttp\\Client->requestAsync('POST', Object(GuzzleHttp\\Psr7\\Uri), Array)
#16 /app/vendor/laravel/framework/src/Illuminate/Http/Client/PendingRequest.php(1053): GuzzleHttp\\Client->request('POST', 'https://telemet...', Array)
#17 /app/vendor/laravel/framework/src/Illuminate/Http/Client/PendingRequest.php(894): Illuminate\\Http\\Client\\PendingRequest->sendRequest('POST', 'https://telemet...', Array)
#18 /app/vendor/laravel/framework/src/Illuminate/Support/helpers.php(248): Illuminate\\Http\\Client\\PendingRequest->Illuminate\\Http\\Client\\{closure}(1)
#19 /app/vendor/laravel/framework/src/Illuminate/Http/Client/PendingRequest.php(892): retry(0, Object(Closure), 100, Object(Closure))
#20 /app/vendor/laravel/framework/src/Illuminate/Http/Client/PendingRequest.php(798): Illuminate\\Http\\Client\\PendingRequest->send('POST', 'https://telemet...', Array)
#21 /app/vendor/laravel/framework/src/Illuminate/Http/Client/Factory.php(461): Illuminate\\Http\\Client\\PendingRequest->post('https://telemet...', Array)
#22 /app/vendor/laravel/framework/src/Illuminate/Support/Facades/Facade.php(355): Illuminate\\Http\\Client\\Factory->__call('post', Array)
#23 /app/app/Services/Telemetry/TelemetryCollectionService.php(44): Illuminate\\Support\\Facades\\Facade::__callStatic('post', Array)
#24 /app/vendor/laravel/framework/src/Illuminate/Container/BoundMethod.php(36): Pterodactyl\\Services\\Telemetry\\TelemetryCollectionService->__invoke()
#25 /app/vendor/laravel/framework/src/Illuminate/Container/Util.php(41): Illuminate\\Container\\BoundMethod::Illuminate\\Container\\{closure}()
#26 /app/vendor/laravel/framework/src/Illuminate/Container/BoundMethod.php(93): Illuminate\\Container\\Util::unwrapIfClosure(Object(Closure))
#27 /app/vendor/laravel/framework/src/Illuminate/Container/BoundMethod.php(35): Illuminate\\Container\\BoundMethod::callBoundMethod(Object(Illuminate\\Foundation\\Application), Array, Object(Closure))
#28 /app/vendor/laravel/framework/src/Illuminate/Container/Container.php(662): Illuminate\\Container\\BoundMethod::call(Object(Illuminate\\Foundation\\Application), Array, Array, NULL)
#29 /app/vendor/laravel/framework/src/Illuminate/Console/Scheduling/CallbackEvent.php(118): Illuminate\\Container\\Container->call(Array, Array)
#30 /app/vendor/laravel/framework/src/Illuminate/Console/Scheduling/Event.php(274): Illuminate\\Console\\Scheduling\\CallbackEvent->execute(Object(Illuminate\\Foundation\\Application))
#31 /app/vendor/laravel/framework/src/Illuminate/Console/Scheduling/Event.php(223): Illuminate\\Console\\Scheduling\\Event->start(Object(Illuminate\\Foundation\\Application))
#32 /app/vendor/laravel/framework/src/Illuminate/Console/Scheduling/CallbackEvent.php(77): Illuminate\\Console\\Scheduling\\Event->run(Object(Illuminate\\Foundation\\Application))
#33 /app/vendor/laravel/framework/src/Illuminate/Console/Scheduling/ScheduleRunCommand.php(192): Illuminate\\Console\\Scheduling\\CallbackEvent->run(Object(Illuminate\\Foundation\\Application))
#34 /app/vendor/laravel/framework/src/Illuminate/Console/View/Components/Task.php(37): Illuminate\\Console\\Scheduling\\ScheduleRunCommand->Illuminate\\Console\\Scheduling\\{closure}()
#35 /app/vendor/laravel/framework/src/Illuminate/Console/View/Components/Factory.php(58): Illuminate\\Console\\View\\Components\\Task->render('<fg=gray>2026-0...', Object(Closure))
#36 /app/vendor/laravel/framework/src/Illuminate/Console/Scheduling/ScheduleRunCommand.php(186): Illuminate\\Console\\View\\Components\\Factory->__call('task', Array)
#37 /app/vendor/laravel/framework/src/Illuminate/Console/Scheduling/ScheduleRunCommand.php(131): Illuminate\\Console\\Scheduling\\ScheduleRunCommand->runEvent(Object(Illuminate\\Console\\Scheduling\\CallbackEvent))
#38 /app/vendor/laravel/framework/src/Illuminate/Container/BoundMethod.php(36): Illuminate\\Console\\Scheduling\\ScheduleRunCommand->handle(Object(Illuminate\\Console\\Scheduling\\Schedule), Object(Illuminate\\Events\\Dispatcher), Object(Illuminate\\Cache\\Repository), Object(Pterodactyl\\Exceptions\\Handler))
#39 /app/vendor/laravel/framework/src/Illuminate/Container/Util.php(41): Illuminate\\Container\\BoundMethod::Illuminate\\Container\\{closure}()
#40 /app/vendor/laravel/framework/src/Illuminate/Container/BoundMethod.php(93): Illuminate\\Container\\Util::unwrapIfClosure(Object(Closure))
#41 /app/vendor/laravel/framework/src/Illuminate/Container/BoundMethod.php(35): Illuminate\\Container\\BoundMethod::callBoundMethod(Object(Illuminate\\Foundation\\Application), Array, Object(Closure))
#42 /app/vendor/laravel/framework/src/Illuminate/Container/Container.php(662): Illuminate\\Container\\BoundMethod::call(Object(Illuminate\\Foundation\\Application), Array, Array, NULL)
#43 /app/vendor/laravel/framework/src/Illuminate/Console/Command.php(211): Illuminate\\Container\\Container->call(Array)
#44 /app/vendor/symfony/console/Command/Command.php(326): Illuminate\\Console\\Command->execute(Object(Symfony\\Component\\Console\\Input\\ArgvInput), Object(Illuminate\\Console\\OutputStyle))
#45 /app/vendor/laravel/framework/src/Illuminate/Console/Command.php(180): Symfony\\Component\\Console\\Command\\Command->run(Object(Symfony\\Component\\Console\\Input\\ArgvInput), Object(Illuminate\\Console\\OutputStyle))
#46 /app/vendor/symfony/console/Application.php(1096): Illuminate\\Console\\Command->run(Object(Symfony\\Component\\Console\\Input\\ArgvInput), Object(Symfony\\Component\\Console\\Output\\ConsoleOutput))
#47 /app/vendor/symfony/console/Application.php(324): Symfony\\Component\\Console\\Application->doRunCommand(Object(Illuminate\\Console\\Scheduling\\ScheduleRunCommand), Object(Symfony\\Component\\Console\\Input\\ArgvInput), Object(Symfony\\Component\\Console\\Output\\ConsoleOutput))
#48 /app/vendor/symfony/console/Application.php(175): Symfony\\Component\\Console\\Application->doRun(Object(Symfony\\Component\\Console\\Input\\ArgvInput), Object(Symfony\\Component\\Console\\Output\\ConsoleOutput))
#49 /app/vendor/laravel/framework/src/Illuminate/Foundation/Console/Kernel.php(201): Symfony\\Component\\Console\\Application->run(Object(Symfony\\Component\\Console\\Input\\ArgvInput), Object(Symfony\\Component\\Console\\Output\\ConsoleOutput))
#50 /app/artisan(35): Illuminate\\Foundation\\Console\\Kernel->handle(Object(Symfony\\Component\\Console\\Input\\ArgvInput), Object(Symfony\\Component\\Console\\Output\\ConsoleOutput))
#51 {main}
"} 
